<?xml version="1.0" encoding="UTF-8"?>
<!-- Generated by org.testng.reporters.JUnitXMLReporter -->
<testsuite hostname="LNDB1112" name="Any Name" tests="8" failures="0" timestamp="2 Jul 2018 13:07:12 GMT" time="9.922" errors="0">
  <testcase name="Step01_Launch_Homepage" time="2.343" classname="test.HomeTestClass"/>
  <testcase name="STEP02_Click_Link" time="0.215" classname="test.HomeTestClass"/>
  <testcase name="hover_element" time="0.083" classname="test.HoverTestClass"/>
  <testcase name="click_gonext" time="0.161" classname="test.HoverTestClass"/>
  <testcase name="connect_database_test" time="1.288" classname="test.QueryGateTestClass"/>
  <testcase name="Step01_Launch" time="0.13" classname="test.RestTestClass"/>
  <testcase name="generatetoken" time="0.23" classname="test.RestTestClass"/>
  <testcase name="read" time="0.985" classname="test.FileReadTestClass"/>
</testsuite> <!-- Any Name -->
