<?xml version="1.0" encoding="UTF-8"?>
<!-- Generated by org.testng.reporters.JUnitXMLReporter -->
<testsuite hostname="LNDB1112" name="Any Name" tests="5" failures="0" timestamp="27 Jun 2018 08:36:22 GMT" time="8.86" errors="0">
  <testcase name="Step01_Launch_Homepage" time="0.451" classname="test.HomeTestClass"/>
  <testcase name="STEP02_Click_Link" time="0.202" classname="test.HomeTestClass"/>
  <testcase name="hover_element" time="0.075" classname="test.HoverTestClass"/>
  <testcase name="click_gonext" time="0.149" classname="test.HoverTestClass"/>
  <testcase name="connect_database_test" time="2.896" classname="test.QueryGateTestClass"/>
</testsuite> <!-- Any Name -->
