<?xml version="1.0" encoding="UTF-8"?>
<testng-results skipped="0" failed="0" total="8" passed="8">
  <reporter-output>
  </reporter-output>
  <suite name="Any Name" duration-ms="9922" started-at="2018-07-02T13:07:03Z" finished-at="2018-07-02T13:07:12Z">
    <groups>
    </groups>
    <test name="Any Name" duration-ms="9922" started-at="2018-07-02T13:07:03Z" finished-at="2018-07-02T13:07:12Z">
      <class name="test.FileReadTestClass">
        <test-method status="PASS" signature="initVars()[pri:0, instance:test.FileReadTestClass@5b275dab]" name="initVars" is-config="true" duration-ms="111" started-at="2018-07-02T18:37:11Z" finished-at="2018-07-02T18:37:11Z">
          <reporter-output>
          </reporter-output>
        </test-method> <!-- initVars -->
        <test-method status="PASS" signature="read()[pri:0, instance:test.FileReadTestClass@5b275dab]" name="read" duration-ms="985" started-at="2018-07-02T18:37:11Z" finished-at="2018-07-02T18:37:12Z">
          <reporter-output>
          </reporter-output>
        </test-method> <!-- read -->
      </class> <!-- test.FileReadTestClass -->
      <class name="test.HoverTestClass">
        <test-method status="PASS" signature="openBrowser()[pri:0, instance:test.HoverTestClass@18be83e4]" name="openBrowser" is-config="true" duration-ms="4337" started-at="2018-07-02T18:37:03Z" finished-at="2018-07-02T18:37:07Z">
          <reporter-output>
          </reporter-output>
        </test-method> <!-- openBrowser -->
        <test-method status="PASS" signature="initVars1()[pri:0, instance:test.HoverTestClass@18be83e4]" name="initVars1" is-config="true" duration-ms="7" started-at="2018-07-02T18:37:09Z" finished-at="2018-07-02T18:37:09Z">
          <reporter-output>
          </reporter-output>
        </test-method> <!-- initVars1 -->
        <test-method status="PASS" signature="hover_element()[pri:0, instance:test.HoverTestClass@18be83e4]" name="hover_element" duration-ms="83" started-at="2018-07-02T18:37:09Z" finished-at="2018-07-02T18:37:10Z">
          <reporter-output>
          </reporter-output>
        </test-method> <!-- hover_element -->
        <test-method status="PASS" signature="click_gonext()[pri:0, instance:test.HoverTestClass@18be83e4]" name="click_gonext" duration-ms="161" started-at="2018-07-02T18:37:10Z" depends-on-methods="test.HoverTestClass.hover_element" finished-at="2018-07-02T18:37:10Z">
          <reporter-output>
          </reporter-output>
        </test-method> <!-- click_gonext -->
      </class> <!-- test.HoverTestClass -->
      <class name="test.HomeTestClass">
        <test-method status="PASS" signature="initVars()[pri:0, instance:test.HomeTestClass@3ffc5af1]" name="initVars" is-config="true" duration-ms="1" started-at="2018-07-02T18:37:07Z" finished-at="2018-07-02T18:37:07Z">
          <reporter-output>
          </reporter-output>
        </test-method> <!-- initVars -->
        <test-method status="PASS" signature="Step01_Launch_Homepage()[pri:0, instance:test.HomeTestClass@3ffc5af1]" name="Step01_Launch_Homepage" duration-ms="2343" started-at="2018-07-02T18:37:07Z" finished-at="2018-07-02T18:37:09Z">
          <reporter-output>
          </reporter-output>
        </test-method> <!-- Step01_Launch_Homepage -->
        <test-method status="PASS" signature="STEP02_Click_Link()[pri:0, instance:test.HomeTestClass@3ffc5af1]" name="STEP02_Click_Link" duration-ms="215" started-at="2018-07-02T18:37:09Z" depends-on-methods="test.HomeTestClass.Step01_Launch_Homepage" finished-at="2018-07-02T18:37:09Z">
          <reporter-output>
          </reporter-output>
        </test-method> <!-- STEP02_Click_Link -->
        <test-method status="PASS" signature="closeBrowser()[pri:0, instance:test.HomeTestClass@3ffc5af1]" name="closeBrowser" is-config="true" duration-ms="0" started-at="2018-07-02T18:37:09Z" finished-at="2018-07-02T18:37:09Z">
          <reporter-output>
          </reporter-output>
        </test-method> <!-- closeBrowser -->
      </class> <!-- test.HomeTestClass -->
      <class name="test.RestTestClass">
        <test-method status="PASS" signature="initVars()[pri:0, instance:test.RestTestClass@523884b2]" name="initVars" is-config="true" duration-ms="3" started-at="2018-07-02T18:37:11Z" finished-at="2018-07-02T18:37:11Z">
          <reporter-output>
          </reporter-output>
        </test-method> <!-- initVars -->
        <test-method status="PASS" signature="Step01_Launch()[pri:0, instance:test.RestTestClass@523884b2]" name="Step01_Launch" duration-ms="130" started-at="2018-07-02T18:37:11Z" finished-at="2018-07-02T18:37:11Z">
          <reporter-output>
          </reporter-output>
        </test-method> <!-- Step01_Launch -->
        <test-method status="PASS" signature="generatetoken()[pri:0, instance:test.RestTestClass@523884b2]" name="generatetoken" duration-ms="230" started-at="2018-07-02T18:37:11Z" finished-at="2018-07-02T18:37:11Z">
          <reporter-output>
          </reporter-output>
        </test-method> <!-- generatetoken -->
      </class> <!-- test.RestTestClass -->
      <class name="test.QueryGateTestClass">
        <test-method status="PASS" signature="initVars3()[pri:0, instance:test.QueryGateTestClass@61832929]" name="initVars3" is-config="true" duration-ms="1" started-at="2018-07-02T18:37:10Z" finished-at="2018-07-02T18:37:10Z">
          <reporter-output>
          </reporter-output>
        </test-method> <!-- initVars3 -->
        <test-method status="PASS" signature="connect_database_test()[pri:0, instance:test.QueryGateTestClass@61832929]" name="connect_database_test" duration-ms="1288" started-at="2018-07-02T18:37:10Z" finished-at="2018-07-02T18:37:11Z">
          <reporter-output>
          </reporter-output>
        </test-method> <!-- connect_database_test -->
      </class> <!-- test.QueryGateTestClass -->
    </test> <!-- Any Name -->
  </suite> <!-- Any Name -->
</testng-results>
